<?xml version="1.0" encoding="UTF-8"?>
<testng-results skipped="0" failed="0" total="1" passed="1">
  <reporter-output>
  </reporter-output>
  <suite name="Default suite" duration-ms="53" started-at="2020-09-15T09:18:17Z" finished-at="2020-09-15T09:18:17Z">
    <groups>
    </groups>
    <test name="Default test" duration-ms="53" started-at="2020-09-15T09:18:17Z" finished-at="2020-09-15T09:18:17Z">
      <class name="com.pho.tester.test">
        <test-method status="PASS" signature="sddd()[pri:0, instance:com.pho.tester.test@75c072cb]" name="sddd" duration-ms="22" started-at="2020-09-15T17:18:17Z" finished-at="2020-09-15T17:18:17Z">
          <reporter-output>
          </reporter-output>
        </test-method> <!-- sddd -->
      </class> <!-- com.pho.tester.test -->
    </test> <!-- Default test -->
  </suite> <!-- Default suite -->
</testng-results>
